This is pdfTeX, Version 3.14159265-2.6-1.40.21 (MiKTeX 2.9.7440 64-bit) (preloaded format=pdflatex 2020.5.25)  26 FEB 2021 13:10
entering extended mode
**./main_page.tex
(main_page.tex
LaTeX2e <2020-02-02> patch level 5
L3 programming layer <2020-05-15>
("C:\Users\VISWAMBHAR YASA\AppData\Local\Programs\MiKTeX 2.9\tex/latex/base\art
icle.cls"
Document Class: article 2019/12/20 v1.4l Standard LaTeX document class

("C:\Users\VISWAMBHAR YASA\AppData\Local\Programs\MiKTeX 2.9\tex/latex/base\siz
e12.clo"
File: size12.clo 2019/12/20 v1.4l Standard LaTeX file (size option)
)
\c@part=\count167
\c@section=\count168
\c@subsection=\count169
\c@subsubsection=\count170
\c@paragraph=\count171
\c@subparagraph=\count172
\c@figure=\count173
\c@table=\count174
\abovecaptionskip=\skip47
\belowcaptionskip=\skip48
\bibindent=\dimen134
)
("C:\Users\VISWAMBHAR YASA\AppData\Local\Programs\MiKTeX 2.9\tex/latex/amsmath\
amsmath.sty"
Package: amsmath 2020/01/20 v2.17e AMS math features
\@mathmargin=\skip49

For additional information on amsmath, use the `?' option.

("C:\Users\VISWAMBHAR YASA\AppData\Local\Programs\MiKTeX 2.9\tex/latex/amsmath\
amstext.sty"
Package: amstext 2000/06/29 v2.01 AMS text

("C:\Users\VISWAMBHAR YASA\AppData\Local\Programs\MiKTeX 2.9\tex/latex/amsmath\
amsgen.sty"
File: amsgen.sty 1999/11/30 v2.0 generic functions
\@emptytoks=\toks15
\ex@=\dimen135
))
("C:\Users\VISWAMBHAR YASA\AppData\Local\Programs\MiKTeX 2.9\tex/latex/amsmath\
amsbsy.sty"
Package: amsbsy 1999/11/29 v1.2d Bold Symbols
\pmbraise@=\dimen136
)
("C:\Users\VISWAMBHAR YASA\AppData\Local\Programs\MiKTeX 2.9\tex/latex/amsmath\
amsopn.sty"
Package: amsopn 2016/03/08 v2.02 operator names
)
\inf@bad=\count175
LaTeX Info: Redefining \frac on input line 227.
\uproot@=\count176
\leftroot@=\count177
LaTeX Info: Redefining \overline on input line 389.
\classnum@=\count178
\DOTSCASE@=\count179
LaTeX Info: Redefining \ldots on input line 486.
LaTeX Info: Redefining \dots on input line 489.
LaTeX Info: Redefining \cdots on input line 610.
\Mathstrutbox@=\box45
\strutbox@=\box46
\big@size=\dimen137
LaTeX Font Info:    Redeclaring font encoding OML on input line 733.
LaTeX Font Info:    Redeclaring font encoding OMS on input line 734.
\macc@depth=\count180
\c@MaxMatrixCols=\count181
\dotsspace@=\muskip16
\c@parentequation=\count182
\dspbrk@lvl=\count183
\tag@help=\toks16
\row@=\count184
\column@=\count185
\maxfields@=\count186
\andhelp@=\toks17
\eqnshift@=\dimen138
\alignsep@=\dimen139
\tagshift@=\dimen140
\tagwidth@=\dimen141
\totwidth@=\dimen142
\lineht@=\dimen143
\@envbody=\toks18
\multlinegap=\skip50
\multlinetaggap=\skip51
\mathdisplay@stack=\toks19
LaTeX Info: Redefining \[ on input line 2859.
LaTeX Info: Redefining \] on input line 2860.
)
("C:\Users\VISWAMBHAR YASA\AppData\Local\Programs\MiKTeX 2.9\tex/latex/graphics
\graphicx.sty"
Package: graphicx 2019/11/30 v1.2a Enhanced LaTeX Graphics (DPC,SPQR)

("C:\Users\VISWAMBHAR YASA\AppData\Local\Programs\MiKTeX 2.9\tex/latex/graphics
\keyval.sty"
Package: keyval 2014/10/28 v1.15 key=value parser (DPC)
\KV@toks@=\toks20
)
("C:\Users\VISWAMBHAR YASA\AppData\Local\Programs\MiKTeX 2.9\tex/latex/graphics
\graphics.sty"
Package: graphics 2019/11/30 v1.4a Standard LaTeX Graphics (DPC,SPQR)

("C:\Users\VISWAMBHAR YASA\AppData\Local\Programs\MiKTeX 2.9\tex/latex/graphics
\trig.sty"
Package: trig 2016/01/03 v1.10 sin cos tan (DPC)
)
("C:\Users\VISWAMBHAR YASA\AppData\Local\Programs\MiKTeX 2.9\tex/latex/graphics
-cfg\graphics.cfg"
File: graphics.cfg 2016/06/04 v1.11 sample graphics configuration
)
Package graphics Info: Driver file: pdftex.def on input line 105.

("C:\Users\VISWAMBHAR YASA\AppData\Local\Programs\MiKTeX 2.9\tex/latex/graphics
-def\pdftex.def"
File: pdftex.def 2018/01/08 v1.0l Graphics/color driver for pdftex
))
\Gin@req@height=\dimen144
\Gin@req@width=\dimen145
)
("C:\Users\VISWAMBHAR YASA\AppData\Local\Programs\MiKTeX 2.9\tex/latex/multirow
\multirow.sty"
Package: multirow 2019/05/31 v2.5 Span multiple rows of a table
\multirow@colwidth=\skip52
\multirow@cntb=\count187
\multirow@dima=\skip53
\bigstrutjot=\dimen146
)
("C:\Users\VISWAMBHAR YASA\AppData\Local\Programs\MiKTeX 2.9\tex/latex/geometry
\geometry.sty"
Package: geometry 2020/01/02 v5.9 Page Geometry

("C:\Users\VISWAMBHAR YASA\AppData\Local\Programs\MiKTeX 2.9\tex/generic/iftex\
ifvtex.sty"
Package: ifvtex 2019/10/25 v1.7 ifvtex legacy package. Use iftex instead.

("C:\Users\VISWAMBHAR YASA\AppData\Local\Programs\MiKTeX 2.9\tex/generic/iftex\
iftex.sty"
Package: iftex 2020/03/06 v1.0d TeX engine tests
))
\Gm@cnth=\count188
\Gm@cntv=\count189
\c@Gm@tempcnt=\count190
\Gm@bindingoffset=\dimen147
\Gm@wd@mp=\dimen148
\Gm@odd@mp=\dimen149
\Gm@even@mp=\dimen150
\Gm@layoutwidth=\dimen151
\Gm@layoutheight=\dimen152
\Gm@layouthoffset=\dimen153
\Gm@layoutvoffset=\dimen154
\Gm@dimlist=\toks21

("C:\Users\VISWAMBHAR YASA\AppData\Local\Programs\MiKTeX 2.9\tex/latex/geometry
\geometry.cfg"))
("C:\Users\VISWAMBHAR YASA\AppData\Local\Programs\MiKTeX 2.9\tex/latex/wrapfig\
wrapfig.sty"
\wrapoverhang=\dimen155
\WF@size=\dimen156
\c@WF@wrappedlines=\count191
\WF@box=\box47
\WF@everypar=\toks22
Package: wrapfig 2003/01/31  v 3.6
)
("C:\Users\VISWAMBHAR YASA\AppData\Local\Programs\MiKTeX 2.9\tex/latex/blindtex
t\blindtext.sty"
Package: blindtext 2012/01/06 V2.0 blindtext-Package

("C:\Users\VISWAMBHAR YASA\AppData\Local\Programs\MiKTeX 2.9\tex/latex/tools\xs
pace.sty"
Package: xspace 2014/10/28 v1.13 Space after command names (DPC,MH)
)
\c@blindtext=\count192
\c@Blindtext=\count193
\c@blind@countparstart=\count194
\blind@countxx=\count195
\blindtext@numBlindtext=\count196
\blind@countyy=\count197
\c@blindlist=\count198
\c@blindlistlevel=\count199
\c@blindlist@level=\count266
\blind@listitem=\count267
\c@blind@listcount=\count268
\c@blind@levelcount=\count269
\blind@mathformula=\count270
\blind@Mathformula=\count271
\c@blind@randomcount=\count272
\c@blind@randommax=\count273
\c@blind@pangramcount=\count274
\c@blind@pangrammax=\count275
)
("C:\Users\VISWAMBHAR YASA\AppData\Local\Programs\MiKTeX 2.9\tex/latex/index\in
dex.sty"
Package: index 2004/01/20 v4.2beta Improved index support (dmj)
\@indexbox=\insert252
\indexproofstyle=\toks23


LaTeX Warning: Command \markboth  has changed.
               Check if current package is valid.


LaTeX Warning: Command \markright  has changed.
               Check if current package is valid.

)
("C:\Users\VISWAMBHAR YASA\AppData\Local\Programs\MiKTeX 2.9\tex/latex/nomencl\
nomencl.sty"
Package: nomencl 2020/03/01 v5.4 Nomenclature package

("C:\Users\VISWAMBHAR YASA\AppData\Local\Programs\MiKTeX 2.9\tex/latex/xkeyval\
xkeyval.sty"
Package: xkeyval 2014/12/03 v2.7a package option processing (HA)

("C:\Users\VISWAMBHAR YASA\AppData\Local\Programs\MiKTeX 2.9\tex/generic/xkeyva
l\xkeyval.tex"
("C:\Users\VISWAMBHAR YASA\AppData\Local\Programs\MiKTeX 2.9\tex/generic/xkeyva
l\xkvutils.tex"
\XKV@toks=\toks24
\XKV@tempa@toks=\toks25
)
\XKV@depth=\count276
File: xkeyval.tex 2014/12/03 v2.7a key=value parser (HA)
))
("C:\Users\VISWAMBHAR YASA\AppData\Local\Programs\MiKTeX 2.9\tex/latex/base\ift
hen.sty"
Package: ifthen 2014/09/29 v1.1c Standard LaTeX ifthen package (DPC)
)
("C:\Users\VISWAMBHAR YASA\AppData\Local\Programs\MiKTeX 2.9\tex/latex/koma-scr
ipt\tocbasic.sty"
Package: tocbasic 2020/04/19 v3.30 KOMA-Script package (handling toc-files)

("C:\Users\VISWAMBHAR YASA\AppData\Local\Programs\MiKTeX 2.9\tex/latex/koma-scr
ipt\scrbase.sty"
Package: scrbase 2020/04/19 v3.30 KOMA-Script package (KOMA-Script-independent 
basics and keyval usage)

("C:\Users\VISWAMBHAR YASA\AppData\Local\Programs\MiKTeX 2.9\tex/latex/koma-scr
ipt\scrlfile.sty"
Package: scrlfile 2020/04/19 v3.30 KOMA-Script package (loading files)
))
\scr@dte@tocline@numberwidth=\skip54
\scr@dte@tocline@numbox=\box48
)
Package tocbasic Info: babel extension for `nlo' omitted
(tocbasic)             because of missing \bbl@set@language on input line 179.
Package tocbasic Info: babel extension for `nls' omitted
(tocbasic)             because of missing \bbl@set@language on input line 180.
\nomlabelwidth=\dimen157
\nom@tempdim=\dimen158
\nomitemsep=\skip55
)
("C:\Users\VISWAMBHAR YASA\AppData\Local\Programs\MiKTeX 2.9\tex/latex/subfig\s
ubfig.sty"
Package: subfig 2005/06/28 ver: 1.3 subfig package

("C:\Users\VISWAMBHAR YASA\AppData\Local\Programs\MiKTeX 2.9\tex/latex/caption\
caption.sty"
Package: caption 2020/05/10 v3.4j Customizing captions (AR)

("C:\Users\VISWAMBHAR YASA\AppData\Local\Programs\MiKTeX 2.9\tex/latex/caption\
caption3.sty"
Package: caption3 2020/05/10 v1.11 caption3 kernel (AR)
Package caption3 Info: TeX engine: e-TeX on input line 61.
\captionmargin=\dimen159
\captionmargin@=\dimen160
\captionwidth=\dimen161
\caption@tempdima=\dimen162
\caption@indent=\dimen163
\caption@parindent=\dimen164
\caption@hangindent=\dimen165
Package caption Info: Standard document class detected.
)
\c@caption@flags=\count277
\c@continuedfloat=\count278
Package caption Info: wrapfig package is loaded.
)
\c@KVtest=\count279
\sf@farskip=\skip56
\sf@captopadj=\dimen166
\sf@capskip=\skip57
\sf@nearskip=\skip58
\c@subfigure=\count280
\c@subfigure@save=\count281
\c@lofdepth=\count282
\c@subtable=\count283
\c@subtable@save=\count284
\c@lotdepth=\count285
\sf@top=\skip59
\sf@bottom=\skip60
)
("C:\Users\VISWAMBHAR YASA\AppData\Local\Programs\MiKTeX 2.9\tex/latex/matlab-p
rettifier\matlab-prettifier.sty"
Package: matlab-prettifier 2014/06/19 v0.3 A package for prettyprinting Matlab 
source code

("C:\Users\VISWAMBHAR YASA\AppData\Local\Programs\MiKTeX 2.9\tex/latex/base\tex
tcomp.sty"
Package: textcomp 2020/02/02 v2.0n Standard LaTeX package
)
("C:\Users\VISWAMBHAR YASA\AppData\Local\Programs\MiKTeX 2.9\tex/latex/xcolor\x
color.sty"
Package: xcolor 2016/05/11 v2.12 LaTeX color extensions (UK)

("C:\Users\VISWAMBHAR YASA\AppData\Local\Programs\MiKTeX 2.9\tex/latex/graphics
-cfg\color.cfg"
File: color.cfg 2016/01/02 v1.6 sample color configuration
)
Package xcolor Info: Driver file: pdftex.def on input line 225.
Package xcolor Info: Model `cmy' substituted by `cmy0' on input line 1348.
Package xcolor Info: Model `hsb' substituted by `rgb' on input line 1352.
Package xcolor Info: Model `RGB' extended on input line 1364.
Package xcolor Info: Model `HTML' substituted by `rgb' on input line 1366.
Package xcolor Info: Model `Hsb' substituted by `hsb' on input line 1367.
Package xcolor Info: Model `tHsb' substituted by `hsb' on input line 1368.
Package xcolor Info: Model `HSB' substituted by `hsb' on input line 1369.
Package xcolor Info: Model `Gray' substituted by `gray' on input line 1370.
Package xcolor Info: Model `wave' substituted by `hsb' on input line 1371.
)
("C:\Users\VISWAMBHAR YASA\AppData\Local\Programs\MiKTeX 2.9\tex/latex/listings
\listings.sty"
\lst@mode=\count286
\lst@gtempboxa=\box49
\lst@token=\toks26
\lst@length=\count287
\lst@currlwidth=\dimen167
\lst@column=\count288
\lst@pos=\count289
\lst@lostspace=\dimen168
\lst@width=\dimen169
\lst@newlines=\count290
\lst@lineno=\count291
\lst@maxwidth=\dimen170

("C:\Users\VISWAMBHAR YASA\AppData\Local\Programs\MiKTeX 2.9\tex/latex/listings
\lstmisc.sty"
File: lstmisc.sty 2020/03/24 1.8d (Carsten Heinz)
\c@lstnumber=\count292
\lst@skipnumbers=\count293
\lst@framebox=\box50
)
("C:\Users\VISWAMBHAR YASA\AppData\Local\Programs\MiKTeX 2.9\tex/latex/listings
\listings.cfg"
File: listings.cfg 2020/03/24 1.8d listings configuration
))
Package: listings 2020/03/24 1.8d (Carsten Heinz)
\netBracketCount@mlpr=\count294
\blkLvl@mlpr=\count295
\blkLvlAtClassdef@mlpr=\count296
\emHeight@mlpr=\skip61
\jayDepth@mlpr=\skip62
\sectionRuleOffset@mlpr=\skip63
\toks@mlpr=\toks27
)
("C:\Users\VISWAMBHAR YASA\AppData\Local\Programs\MiKTeX 2.9\tex/latex/csvsimpl
e\csvsimple.sty"
Package: csvsimple 2019/04/09 version 1.21 LaTeX CSV file processing

("C:\Users\VISWAMBHAR YASA\AppData\Local\Programs\MiKTeX 2.9\tex/latex/pgf/util
ities\pgfrcs.sty"
("C:\Users\VISWAMBHAR YASA\AppData\Local\Programs\MiKTeX 2.9\tex/generic/pgf/ut
ilities\pgfutil-common.tex"
\pgfutil@everybye=\toks28
\pgfutil@tempdima=\dimen171
\pgfutil@tempdimb=\dimen172

("C:\Users\VISWAMBHAR YASA\AppData\Local\Programs\MiKTeX 2.9\tex/generic/pgf/ut
ilities\pgfutil-common-lists.tex"))
("C:\Users\VISWAMBHAR YASA\AppData\Local\Programs\MiKTeX 2.9\tex/generic/pgf/ut
ilities\pgfutil-latex.def"
\pgfutil@abb=\box51

("C:\Users\VISWAMBHAR YASA\AppData\Local\Programs\MiKTeX 2.9\tex/latex/ms\every
shi.sty"
Package: everyshi 2001/05/15 v3.00 EveryShipout Package (MS)
))
("C:\Users\VISWAMBHAR YASA\AppData\Local\Programs\MiKTeX 2.9\tex/generic/pgf/ut
ilities\pgfrcs.code.tex"
("C:\Users\VISWAMBHAR YASA\AppData\Local\Programs\MiKTeX 2.9\tex/generic/pgf\pg
f.revision.tex")
Package: pgfrcs 2020/01/08 v3.1.5b (3.1.5b)
))
("C:\Users\VISWAMBHAR YASA\AppData\Local\Programs\MiKTeX 2.9\tex/latex/pgf/util
ities\pgfkeys.sty"
("C:\Users\VISWAMBHAR YASA\AppData\Local\Programs\MiKTeX 2.9\tex/generic/pgf/ut
ilities\pgfkeys.code.tex"
\pgfkeys@pathtoks=\toks29
\pgfkeys@temptoks=\toks30

("C:\Users\VISWAMBHAR YASA\AppData\Local\Programs\MiKTeX 2.9\tex/generic/pgf/ut
ilities\pgfkeysfiltered.code.tex"
\pgfkeys@tmptoks=\toks31
)))
("C:\Users\VISWAMBHAR YASA\AppData\Local\Programs\MiKTeX 2.9\tex/latex/etoolbox
\etoolbox.sty"
Package: etoolbox 2019/09/21 v2.5h e-TeX tools for LaTeX (JAW)
\etb@tempcnta=\count297
)
("C:\Users\VISWAMBHAR YASA\AppData\Local\Programs\MiKTeX 2.9\tex/latex/tools\sh
ellesc.sty"
Package: shellesc 2019/11/08 v1.0c unified shell escape interface for LaTeX
Package shellesc Info: Restricted shell escape enabled on input line 77.
)
\csv@file=\read2
\c@csvinputline=\count298
\c@csvrow=\count299
\c@csvcol=\count300
\csv@out=\write3
)
("C:\Users\VISWAMBHAR YASA\AppData\Local\Programs\MiKTeX 2.9\tex/generic/babel\
babel.sty"
Package: babel 2020/05/13 3.44 The Babel package

("C:\Users\VISWAMBHAR YASA\AppData\Local\Programs\MiKTeX 2.9\tex/generic/babel\
babel.def"
File: babel.def 2020/05/13 3.44 Babel common definitions
\babel@savecnt=\count301
\U@D=\dimen173
\l@babelnohyphens=\language78

("C:\Users\VISWAMBHAR YASA\AppData\Local\Programs\MiKTeX 2.9\tex/generic/babel\
txtbabel.def")
\bbl@readstream=\read3
)
\bbl@dirlevel=\count302

*************************************
* Local config file bblopts.cfg used
*

("C:\Users\VISWAMBHAR YASA\AppData\Local\Programs\MiKTeX 2.9\tex/latex/arabi\bb
lopts.cfg"
File: bblopts.cfg 2005/09/08 v0.1 add Arabic and Farsi to "declared" options of
 babel
)
("C:\Users\VISWAMBHAR YASA\AppData\Local\Programs\MiKTeX 2.9\tex/latex/babel-en
glish\english.ldf"
Language: english 2017/06/06 v3.3r English support from the babel system
Package babel Info: \l@canadian = using hyphenrules for english
(babel)             (\language0) on input line 102.
Package babel Info: \l@australian = using hyphenrules for ukenglish
(babel)             (\language72) on input line 105.
Package babel Info: \l@newzealand = using hyphenrules for ukenglish
(babel)             (\language72) on input line 108.
))
("C:\Users\VISWAMBHAR YASA\AppData\Local\Programs\MiKTeX 2.9\tex/latex/hyperref
\hyperref.sty"
Package: hyperref 2020-05-15 v7.00e Hypertext links for LaTeX

("C:\Users\VISWAMBHAR YASA\AppData\Local\Programs\MiKTeX 2.9\tex/generic/ltxcmd
s\ltxcmds.sty"
Package: ltxcmds 2019/12/15 v1.24 LaTeX kernel commands for general use (HO)
)
("C:\Users\VISWAMBHAR YASA\AppData\Local\Programs\MiKTeX 2.9\tex/latex/pdftexcm
ds\pdftexcmds.sty"
Package: pdftexcmds 2019/11/24 v0.31 Utility functions of pdfTeX for LuaTeX (HO
)

("C:\Users\VISWAMBHAR YASA\AppData\Local\Programs\MiKTeX 2.9\tex/generic/infwar
err\infwarerr.sty"
Package: infwarerr 2019/12/03 v1.5 Providing info/warning/error messages (HO)
)
Package pdftexcmds Info: \pdf@primitive is available.
Package pdftexcmds Info: \pdf@ifprimitive is available.
Package pdftexcmds Info: \pdfdraftmode found.
)
("C:\Users\VISWAMBHAR YASA\AppData\Local\Programs\MiKTeX 2.9\tex/generic/kvsetk
eys\kvsetkeys.sty"
Package: kvsetkeys 2019/12/15 v1.18 Key value parser (HO)
)
("C:\Users\VISWAMBHAR YASA\AppData\Local\Programs\MiKTeX 2.9\tex/generic/kvdefi
nekeys\kvdefinekeys.sty"
Package: kvdefinekeys 2019-12-19 v1.6 Define keys (HO)
)
("C:\Users\VISWAMBHAR YASA\AppData\Local\Programs\MiKTeX 2.9\tex/generic/pdfesc
ape\pdfescape.sty"
Package: pdfescape 2019/12/09 v1.15 Implements pdfTeX's escape features (HO)
)
("C:\Users\VISWAMBHAR YASA\AppData\Local\Programs\MiKTeX 2.9\tex/latex/hycolor\
hycolor.sty"
Package: hycolor 2020-01-27 v1.10 Color options for hyperref/bookmark (HO)
)
("C:\Users\VISWAMBHAR YASA\AppData\Local\Programs\MiKTeX 2.9\tex/latex/letltxma
cro\letltxmacro.sty"
Package: letltxmacro 2019/12/03 v1.6 Let assignment for LaTeX macros (HO)
)
("C:\Users\VISWAMBHAR YASA\AppData\Local\Programs\MiKTeX 2.9\tex/latex/auxhook\
auxhook.sty"
Package: auxhook 2019-12-17 v1.6 Hooks for auxiliary files (HO)
)
("C:\Users\VISWAMBHAR YASA\AppData\Local\Programs\MiKTeX 2.9\tex/latex/kvoption
s\kvoptions.sty"
Package: kvoptions 2019/11/29 v3.13 Key value format for package options (HO)
)
\@linkdim=\dimen174
\Hy@linkcounter=\count303
\Hy@pagecounter=\count304

("C:\Users\VISWAMBHAR YASA\AppData\Local\Programs\MiKTeX 2.9\tex/latex/hyperref
\pd1enc.def"
File: pd1enc.def 2020-05-15 v7.00e Hyperref: PDFDocEncoding definition (HO)
Now handling font encoding PD1 ...
... no UTF-8 mapping file for font encoding PD1
)
("C:\Users\VISWAMBHAR YASA\AppData\Local\Programs\MiKTeX 2.9\tex/generic/intcal
c\intcalc.sty"
Package: intcalc 2019/12/15 v1.3 Expandable calculations with integers (HO)
)
("C:\Users\VISWAMBHAR YASA\AppData\Local\Programs\MiKTeX 2.9\tex/generic/etexcm
ds\etexcmds.sty"
Package: etexcmds 2019/12/15 v1.7 Avoid name clashes with e-TeX commands (HO)
)
\Hy@SavedSpaceFactor=\count305
Package hyperref Info: Hyper figures OFF on input line 4464.
Package hyperref Info: Link nesting OFF on input line 4469.
Package hyperref Info: Hyper index ON on input line 4472.
Package hyperref Info: Plain pages OFF on input line 4479.
Package hyperref Info: Backreferencing OFF on input line 4484.
Package hyperref Info: Implicit mode ON; LaTeX internals redefined.
Package hyperref Info: Bookmarks ON on input line 4717.
\c@Hy@tempcnt=\count306

("C:\Users\VISWAMBHAR YASA\AppData\Local\Programs\MiKTeX 2.9\tex/latex/url\url.
sty"
\Urlmuskip=\muskip17
Package: url 2013/09/16  ver 3.4  Verb mode for urls, etc.
)
LaTeX Info: Redefining \url on input line 5076.
\XeTeXLinkMargin=\dimen175

("C:\Users\VISWAMBHAR YASA\AppData\Local\Programs\MiKTeX 2.9\tex/generic/bitset
\bitset.sty"
Package: bitset 2019/12/09 v1.3 Handle bit-vector datatype (HO)

("C:\Users\VISWAMBHAR YASA\AppData\Local\Programs\MiKTeX 2.9\tex/generic/bigint
calc\bigintcalc.sty"
Package: bigintcalc 2019/12/15 v1.5 Expandable calculations on big integers (HO
)
))
\Fld@menulength=\count307
\Field@Width=\dimen176
\Fld@charsize=\dimen177
Package hyperref Info: Hyper figures OFF on input line 6347.
Package hyperref Info: Link nesting OFF on input line 6352.
Package hyperref Info: Hyper index ON on input line 6355.
Package hyperref Info: backreferencing OFF on input line 6362.
Package hyperref Info: Link coloring OFF on input line 6367.
Package hyperref Info: Link coloring with OCG OFF on input line 6372.
Package hyperref Info: PDF/A mode OFF on input line 6377.
LaTeX Info: Redefining \ref on input line 6417.
LaTeX Info: Redefining \pageref on input line 6421.

("C:\Users\VISWAMBHAR YASA\AppData\Local\Programs\MiKTeX 2.9\tex/generic/atbegs
hi\atbegshi.sty"
Package: atbegshi 2019/12/05 v1.19 At begin shipout hook (HO)
)
\Hy@abspage=\count308
\c@Item=\count309
\c@Hfootnote=\count310
)
Package hyperref Info: Driver (autodetected): hpdftex.

("C:\Users\VISWAMBHAR YASA\AppData\Local\Programs\MiKTeX 2.9\tex/latex/hyperref
\hpdftex.def"
File: hpdftex.def 2020-05-15 v7.00e Hyperref driver for pdfTeX

("C:\Users\VISWAMBHAR YASA\AppData\Local\Programs\MiKTeX 2.9\tex/latex/atveryen
d\atveryend.sty"
Package: atveryend 2019-12-11 v1.11 Hooks at the very end of document (HO)
)
\Fld@listcount=\count311
\c@bookmark@seq@number=\count312

("C:\Users\VISWAMBHAR YASA\AppData\Local\Programs\MiKTeX 2.9\tex/latex/rerunfil
echeck\rerunfilecheck.sty"
Package: rerunfilecheck 2019/12/05 v1.9 Rerun checks for auxiliary files (HO)

("C:\Users\VISWAMBHAR YASA\AppData\Local\Programs\MiKTeX 2.9\tex/generic/unique
counter\uniquecounter.sty"
Package: uniquecounter 2019/12/15 v1.4 Provide unlimited unique counter (HO)
)
Package uniquecounter Info: New unique counter `rerunfilecheck' on input line 2
86.
)
\Hy@SectionHShift=\skip64
)
Package hyperref Info: Option `colorlinks' set `true' on input line 26.

("C:\Users\VISWAMBHAR YASA\AppData\Local\Programs\MiKTeX 2.9\tex/latex/l3backen
d\l3backend-pdfmode.def"
File: l3backend-pdfmode.def 2020-05-05 L3 backend support: PDF mode
\l__kernel_color_stack_int=\count313
\l__pdf_internal_box=\box52
)

LaTeX Warning: Unused global option(s):
    [times].

(main_page.aux)
\openout1 = `main_page.aux'.

LaTeX Font Info:    Checking defaults for OML/cmm/m/it on input line 38.
LaTeX Font Info:    ... okay on input line 38.
LaTeX Font Info:    Checking defaults for OMS/cmsy/m/n on input line 38.
LaTeX Font Info:    ... okay on input line 38.
LaTeX Font Info:    Checking defaults for OT1/cmr/m/n on input line 38.
LaTeX Font Info:    ... okay on input line 38.
LaTeX Font Info:    Checking defaults for T1/cmr/m/n on input line 38.
LaTeX Font Info:    ... okay on input line 38.
LaTeX Font Info:    Checking defaults for TS1/cmr/m/n on input line 38.
LaTeX Font Info:    ... okay on input line 38.
LaTeX Font Info:    Checking defaults for OMX/cmex/m/n on input line 38.
LaTeX Font Info:    ... okay on input line 38.
LaTeX Font Info:    Checking defaults for U/cmr/m/n on input line 38.
LaTeX Font Info:    ... okay on input line 38.
LaTeX Font Info:    Checking defaults for PD1/pdf/m/n on input line 38.
LaTeX Font Info:    ... okay on input line 38.

("C:\Users\VISWAMBHAR YASA\AppData\Local\Programs\MiKTeX 2.9\tex/context/base/m
kii\supp-pdf.mkii"
[Loading MPS to PDF converter (version 2006.09.02).]
\scratchcounter=\count314
\scratchdimen=\dimen178
\scratchbox=\box53
\nofMPsegments=\count315
\nofMParguments=\count316
\everyMPshowfont=\toks32
\MPscratchCnt=\count317
\MPscratchDim=\dimen179
\MPnumerator=\count318
\makeMPintoPDFobject=\count319
\everyMPtoPDFconversion=\toks33
)
("C:\Users\VISWAMBHAR YASA\AppData\Local\Programs\MiKTeX 2.9\tex/latex/epstopdf
-pkg\epstopdf-base.sty"
Package: epstopdf-base 2020-01-24 v2.11 Base part for package epstopdf
Package epstopdf-base Info: Redefining graphics rule for `.eps' on input line 4
85.
)
*geometry* driver: auto-detecting
*geometry* detected driver: pdftex
*geometry* verbose mode - [ preamble ] result:
* driver: pdftex
* paper: a4paper
* layout: <same size as paper>
* layoutoffset:(h,v)=(0.0pt,0.0pt)
* modes: 
* h-part:(L,W,R)=(89.62709pt, 418.25368pt, 89.6271pt)
* v-part:(T,H,B)=(101.40665pt, 591.5302pt, 152.11pt)
* \paperwidth=597.50787pt
* \paperheight=845.04684pt
* \textwidth=418.25368pt
* \textheight=591.5302pt
* \oddsidemargin=17.3571pt
* \evensidemargin=17.3571pt
* \topmargin=-7.86334pt
* \headheight=12.0pt
* \headsep=25.0pt
* \topskip=12.0pt
* \footskip=30.0pt
* \marginparwidth=35.0pt
* \marginparsep=10.0pt
* \columnsep=10.0pt
* \skip\footins=10.8pt plus 4.0pt minus 2.0pt
* \hoffset=0.0pt
* \voffset=0.0pt
* \mag=1000
* \@twocolumnfalse
* \@twosidefalse
* \@mparswitchfalse
* \@reversemarginfalse
* (1in=72.27pt=25.4mm, 1cm=28.453pt)

Package caption Info: Begin \AtBeginDocument code.
Package caption Info: subfig package v1.3 is loaded.
Package caption Info: hyperref package is loaded.
Package caption Info: listings package is loaded.
Package caption Info: End \AtBeginDocument code.
\c@lstlisting=\count320
ABD: EveryShipout initializing macros
\AtBeginShipoutBox=\box54
Package hyperref Info: Link coloring ON on input line 38.

("C:\Users\VISWAMBHAR YASA\AppData\Local\Programs\MiKTeX 2.9\tex/latex/hyperref
\nameref.sty"
Package: nameref 2019/09/16 v2.46 Cross-referencing by name of section

("C:\Users\VISWAMBHAR YASA\AppData\Local\Programs\MiKTeX 2.9\tex/latex/refcount
\refcount.sty"
Package: refcount 2019/12/15 v3.6 Data extraction from label references (HO)
)
("C:\Users\VISWAMBHAR YASA\AppData\Local\Programs\MiKTeX 2.9\tex/generic/gettit
lestring\gettitlestring.sty"
Package: gettitlestring 2019/12/15 v1.6 Cleanup title references (HO)
)
\c@section@level=\count321
)
LaTeX Info: Redefining \ref on input line 38.
LaTeX Info: Redefining \pageref on input line 38.
LaTeX Info: Redefining \nameref on input line 38.
 (main_page.out) (main_page.out)
\@outlinefile=\write4
\openout4 = `main_page.out'.

 (TITLE_PAGE.tex
<WBM_schwarz.png, id=143, 511.4307pt x 142.3719pt>
File: WBM_schwarz.png Graphic file (type png)
<use WBM_schwarz.png>
Package pdftex.def Info: WBM_schwarz.png  used on input line 11.
(pdftex.def)             Requested size: 306.86078pt x 85.42378pt.

[1

{C:/Users/VISWAMBHAR YASA/AppData/Local/MiKTeX/2.9/pdftex/config/pdftex.map} <.
/WBM_schwarz.png>]) (main_page.tocpdfTeX warning (ext4): destination with the s
ame identifier (name{page.1}) has been already used, duplicate ignored
<to be read again> 
                   \relax 
l.29 ...e {5.2}Pre-processing}{25}{subsection.5.2}
                                                  % [1])
\tf@toc=\write5
\openout5 = `main_page.toc'.

 [2] [3]
<Bsplines_figure1.png, id=211, 590.205pt x 325.81725pt>
File: Bsplines_figure1.png Graphic file (type png)
<use Bsplines_figure1.png>
Package pdftex.def Info: Bsplines_figure1.png  used on input line 88.
(pdftex.def)             Requested size: 313.69025pt x 173.17448pt.
 [4 <./Bsplines_figure1.png>]
<Bspline_curve_different_order.png, id=222, 385.44pt x 279.0425pt>
File: Bspline_curve_different_order.png Graphic file (type png)
<use Bspline_curve_different_order.png>
Package pdftex.def Info: Bspline_curve_different_order.png  used on input line 
102.
(pdftex.def)             Requested size: 376.42575pt x 272.51453pt.
 [5 <./Bspline_curve_different_order.png>]
<knot_vector_clamped_unclamped.png, id=233, 395.076pt x 163.812pt>
File: knot_vector_clamped_unclamped.png Graphic file (type png)
<use knot_vector_clamped_unclamped.png>
Package pdftex.def Info: knot_vector_clamped_unclamped.png  used on input line 
120.
(pdftex.def)             Requested size: 313.69025pt x 130.06993pt.

Overfull \hbox (1.64653pt too wide) in paragraph at lines 144--144
[]\OT1/cmtt/m/n/12 ------------------------------------------------------------
--------[] 
 []


Overfull \hbox (1.64653pt too wide) in paragraph at lines 144--144
[]\OT1/cmtt/m/n/12 ------------------------------------------------------------
--------[] 
 []

<knot_vector_combined.png, id=237, 941.31676pt x 270.41025pt>
File: knot_vector_combined.png Graphic file (type png)
<use knot_vector_combined.png>
Package pdftex.def Info: knot_vector_combined.png  used on input line 158.
(pdftex.def)             Requested size: 418.25368pt x 120.14856pt.
[6 <./knot_vector_clamped_unclamped.png>]
<Bspline_basis_recussive.png, id=247, 252.945pt x 84.315pt>
File: Bspline_basis_recussive.png Graphic file (type png)
<use Bspline_basis_recussive.png>
Package pdftex.def Info: Bspline_basis_recussive.png  used on input line 182.
(pdftex.def)             Requested size: 313.69025pt x 104.56621pt.
 [7 <./knot_vector_combined.png> <./Bspline_basis_recussive.png>]
Overfull \hbox (1.64653pt too wide) in paragraph at lines 218--218
[]\OT1/cmtt/m/n/12 ------------------------------------------------------------
--------[] 
 []


Overfull \hbox (1.64653pt too wide) in paragraph at lines 218--218
[]\OT1/cmtt/m/n/12 ------------------------------------------------------------
--------[] 
 []

[8]
Overfull \hbox (13.99654pt too wide) in paragraph at lines 240--240
[]\OT1/cmtt/m/n/12 (2) pytest test_geometry.py::test__Bspline_basis_sum_equal_t
o_one_true[] 
 []


Overfull \hbox (32.52155pt too wide) in paragraph at lines 240--240
[]\OT1/cmtt/m/n/12 (3) pytest test_geometry.py::test__Bspline_basis_all_values_
positive_true[] 
 []

[9]
<bspline_function_and_derivative_cubic.png, id=274, 264.38776pt x 276.43275pt>
File: bspline_function_and_derivative_cubic.png Graphic file (type png)
<use bspline_function_and_derivative_cubic.png>
Package pdftex.def Info: bspline_function_and_derivative_cubic.png  used on inp
ut line 282.
(pdftex.def)             Requested size: 313.69025pt x 327.99312pt.
 [10 <./bspline_function_and_derivative_cubic.png>]
Overfull \hbox (20.17154pt too wide) in paragraph at lines 304--304
[]\OT1/cmtt/m/n/12 (5) pytest test_geometry.py::test__derbspline_basis_sum_equa
l_zero_true[] 
 []

<NURBS_combined_bspline.png, id=285, 629.9535pt x 222.23026pt>
File: NURBS_combined_bspline.png Graphic file (type png)
<use NURBS_combined_bspline.png>
Package pdftex.def Info: NURBS_combined_bspline.png  used on input line 319.
(pdftex.def)             Requested size: 418.25368pt x 147.55067pt.
<NURBS_circle.png, id=286, 462.528pt x 346.896pt>
File: NURBS_circle.png Graphic file (type png)
<use NURBS_circle.png>
Package pdftex.def Info: NURBS_circle.png  used on input line 335.
(pdftex.def)             Requested size: 355.51817pt x 266.65022pt.

LaTeX Warning: `!h' float specifier changed to `!ht'.

[11 <./NURBS_combined_bspline.png>] [12 <./NURBS_circle.png>]
<NURBS_2D_surface.png, id=303, 238.491pt x 223.43475pt>
File: NURBS_2D_surface.png Graphic file (type png)
<use NURBS_2D_surface.png>
Package pdftex.def Info: NURBS_2D_surface.png  used on input line 365.
(pdftex.def)             Requested size: 313.69025pt x 293.91197pt.
 [13 <./NURBS_2D_surface.png>] [14]
Overfull \hbox (51.04655pt too wide) in paragraph at lines 458--458
[]\OT1/cmtt/m/n/12 (7) pytest test_geometry.py::test__trilinear_der_Basis_sum_e
qual_to_one_true[] 
 []


Overfull \hbox (44.87155pt too wide) in paragraph at lines 458--458
[]\OT1/cmtt/m/n/12 (8) pytest test_geometry.py::test__trilinear_der_Basis_less_
than_zero_false[] 
 []


Overfull \hbox (38.69655pt too wide) in paragraph at lines 458--458
[]\OT1/cmtt/m/n/12 (9) pytest test_geometry.py::test__trilinear_der_XI_sum_equa
l_to_zero_true[] 
 []


Overfull \hbox (51.04655pt too wide) in paragraph at lines 458--458
[]\OT1/cmtt/m/n/12 (10) pytest test_geometry.py::test__trilinear_der_ETA_sum_eq
ual_to_zero_true[] 
 []


Overfull \hbox (57.22156pt too wide) in paragraph at lines 458--458
[]\OT1/cmtt/m/n/12 (11) pytest test_geometry.py::test__trilinear_der_NETA_sum_e
qual_to_zero_true[] 
 []

[15]
Underfull \hbox (badness 10000) in paragraph at lines 467--469

 []


Overfull \hbox (197.65675pt too wide) detected at line 509
[]\OT1/cmr/bx/n/12 R \OT1/cmr/m/n/12 = []
 []

[16] [17] [18] [19]
Overfull \hbox (13.99654pt too wide) in paragraph at lines 700--700
[]\OT1/cmtt/m/n/12 ------------------------------------------------------------
----------[] 
 []


Overfull \hbox (7.82153pt too wide) in paragraph at lines 700--700
[]    \OT1/cmtt/m/n/12 function used to generate weight factor from the given p
arameters[] 
 []

[20]
Overfull \hbox (13.99654pt too wide) in paragraph at lines 700--700
[]\OT1/cmtt/m/n/12 ------------------------------------------------------------
----------[] 
 []


Underfull \hbox (badness 10000) in paragraph at lines 718--720

 []

[21]
Overfull \hbox (13.99654pt too wide) in paragraph at lines 737--737
[]\OT1/cmtt/m/n/12 ------------------------------------------------------------
----------[] 
 []


Overfull \hbox (13.99654pt too wide) in paragraph at lines 737--737
[]\OT1/cmtt/m/n/12 pytest test_optimization.py::test__optimality_criteria_simpl
e_function[] 
 []


Overfull \hbox (32.52155pt too wide) in paragraph at lines 737--737
[]\OT1/cmtt/m/n/12 pytest test_optimization.py::test__optimality_criteria_quadr
atic_function[] 
 []


Overfull \hbox (13.99654pt too wide) in paragraph at lines 737--737
[]\OT1/cmtt/m/n/12 ------------------------------------------------------------
----------[] 
 []


Overfull \hbox (6.8134pt too wide) detected at line 767
[]\OML/cmm/m/it/12 p[] \OT1/cmr/m/n/12 = [][] []
 []


Overfull \hbox (3.6329pt too wide) detected at line 770
[]\OML/cmm/m/it/12 q[] \OT1/cmr/m/n/12 = [][] []
 []

[22]
Underfull \hbox (badness 10000) in paragraph at lines 806--808

 []


Underfull \hbox (badness 10000) in paragraph at lines 816--818

 []

[23]
Overfull \hbox (13.99654pt too wide) in paragraph at lines 825--825
[]\OT1/cmtt/m/n/12 ------------------------------------------------------------
----------[] 
 []


Overfull \hbox (13.99654pt too wide) in paragraph at lines 825--825
[]\OT1/cmtt/m/n/12 ------------------------------------------------------------
----------[] 
 []

<relevant_spaces.png, id=424, 289.08pt x 356.532pt>
File: relevant_spaces.png Graphic file (type png)
<use relevant_spaces.png>
Package pdftex.def Info: relevant_spaces.png  used on input line 845.
(pdftex.def)             Requested size: 188.21288pt x 232.1293pt.

LaTeX Warning: `!h' float specifier changed to `!ht'.

[24] [25 <./relevant_spaces.png>]
Overfull \hbox (20.17154pt too wide) in paragraph at lines 894--894
[]        \OT1/cmtt/m/n/12 crtpts_coordinates : generate control points along w
ith weights[] 
 []


Overfull \hbox (7.82153pt too wide) in paragraph at lines 894--894
[]    \OT1/cmtt/m/n/12 def __init__(self, length=1, height=1, width=1, nx=1, ny
=1, nz=1,[] 
 []


Underfull \hbox (badness 10000) in paragraph at lines 909--910

 []

[26]
<element numbering.png, id=447, 322.20375pt x 184.89075pt>
File: element numbering.png Graphic file (type png)
<use element numbering.png>
Package pdftex.def Info: element numbering.png  used on input line 926.
(pdftex.def)             Requested size: 418.25368pt x 240.01654pt.
 [27 <./element numbering.png>]
Overfull \hbox (1.64653pt too wide) in paragraph at lines 973--973
[]                        \OT1/cmtt/m/n/12 for n in range(len(knotconnectivityU
[k,:])):[] 
 []

[28]
Overfull \hbox (81.92157pt too wide) in paragraph at lines 986--986
[]\OT1/cmtt/m/n/12 (16) pytest test_geometry.py::test__single_element_Assembly_
C1_continuity_along_x[] 
 []


Overfull \hbox (20.17154pt too wide) in paragraph at lines 1018--1018
[]\OT1/cmtt/m/n/12 ------------------------------------------------------------
-----------[] 
 []

[29] [30]
Overfull \hbox (20.17154pt too wide) in paragraph at lines 1070--1070
[]\OT1/cmtt/m/n/12 ------------------------------------------------------------
-----------[] 
 []


Overfull \hbox (26.34654pt too wide) in paragraph at lines 1070--1070
[]\OT1/cmtt/m/n/12 (17) pytest test_element_routine.py::test__unit_to_parametri
c_space_true[] 
 []


Overfull \hbox (38.69655pt too wide) in paragraph at lines 1070--1070
[]\OT1/cmtt/m/n/12 (18) pytest test_element_routine.py::test__Jacobian_patch_te
sting_rotation[] 
 []


Overfull \hbox (20.17154pt too wide) in paragraph at lines 1070--1070
[]\OT1/cmtt/m/n/12 ------------------------------------------------------------
-----------[] 
 []


Overfull \hbox (20.17154pt too wide) in paragraph at lines 1083--1083
[]\OT1/cmtt/m/n/12 ------------------------------------------------------------
-----------[] 
 []

[31]
Overfull \hbox (20.17154pt too wide) in paragraph at lines 1102--1102
[]\OT1/cmtt/m/n/12 ------------------------------------------------------------
-----------[] 
 []


Overfull \hbox (20.17154pt too wide) in paragraph at lines 1112--1112
[]\OT1/cmtt/m/n/12 ------------------------------------------------------------
-----------[] 
 []


Overfull \hbox (20.17154pt too wide) in paragraph at lines 1112--1112
[]\OT1/cmtt/m/n/12 (19) pytest test_element_routine.py::test__gauss_quadrature_
1point_true[] 
 []


Overfull \hbox (20.17154pt too wide) in paragraph at lines 1112--1112
[]\OT1/cmtt/m/n/12 (20) pytest test_element_routine.py::test__stiffness_matrix_
singularity[] 
 []


Overfull \hbox (20.17154pt too wide) in paragraph at lines 1112--1112
[]\OT1/cmtt/m/n/12 ------------------------------------------------------------
-----------[] 
 []

[32]
<topology flowchart.png, id=494, 371.58826pt x 456.5055pt>
File: topology flowchart.png Graphic file (type png)
<use topology flowchart.png>
Package pdftex.def Info: topology flowchart.png  used on input line 1145.
(pdftex.def)             Requested size: 271.86234pt x 334.0055pt.
 [33 <./topology flowchart.png>] (main_page.bbl) [34]
Package atveryend Info: Empty hook `BeforeClearDocument' on input line 1173.
Package atveryend Info: Empty hook `AfterLastShipout' on input line 1173.
 (main_page.aux)
Package atveryend Info: Executing hook `AtVeryEndDocument' on input line 1173.
Package atveryend Info: Executing hook `AtEndAfterFileList' on input line 1173.

Package rerunfilecheck Info: File `main_page.out' has not changed.
(rerunfilecheck)             Checksum: DB30204DF8FB2766054BBFFAD2930D9A;2668.
 ) 
Here is how much of TeX's memory you used:
 13469 strings out of 480799
 226772 string characters out of 2891112
 557816 words of memory out of 3000000
 29028 multiletter control sequences out of 15000+200000
 541783 words of font info for 56 fonts, out of 3000000 for 9000
 1141 hyphenation exceptions out of 8191
 67i,10n,117p,804b,578s stack positions out of 5000i,500n,10000p,200000b,50000s
 <C:\Users\VISWAMBHAR YASA\AppData\Local\MiKTeX\2.9\fonts/pk/ljfour/jknappen/
ec/dpi600\tcrm1200.pk><C:/Users/VISWAMBHAR YASA/AppData/Local/Programs/MiKTeX 2
.9/fonts/type1/public/amsfonts/cm/cmbx12.pfb><C:/Users/VISWAMBHAR YASA/AppData/
Local/Programs/MiKTeX 2.9/fonts/type1/public/amsfonts/cm/cmbx8.pfb><C:/Users/VI
SWAMBHAR YASA/AppData/Local/Programs/MiKTeX 2.9/fonts/type1/public/amsfonts/cm/
cmcsc10.pfb><C:/Users/VISWAMBHAR YASA/AppData/Local/Programs/MiKTeX 2.9/fonts/t
ype1/public/amsfonts/cm/cmex10.pfb><C:/Users/VISWAMBHAR YASA/AppData/Local/Prog
rams/MiKTeX 2.9/fonts/type1/public/amsfonts/cm/cmmi12.pfb><C:/Users/VISWAMBHAR 
YASA/AppData/Local/Programs/MiKTeX 2.9/fonts/type1/public/amsfonts/cm/cmmi6.pfb
><C:/Users/VISWAMBHAR YASA/AppData/Local/Programs/MiKTeX 2.9/fonts/type1/public
/amsfonts/cm/cmmi8.pfb><C:/Users/VISWAMBHAR YASA/AppData/Local/Programs/MiKTeX 
2.9/fonts/type1/public/amsfonts/cm/cmmib10.pfb><C:/Users/VISWAMBHAR YASA/AppDat
a/Local/Programs/MiKTeX 2.9/fonts/type1/public/amsfonts/cm/cmr12.pfb><C:/Users/
VISWAMBHAR YASA/AppData/Local/Programs/MiKTeX 2.9/fonts/type1/public/amsfonts/c
m/cmr6.pfb><C:/Users/VISWAMBHAR YASA/AppData/Local/Programs/MiKTeX 2.9/fonts/ty
pe1/public/amsfonts/cm/cmr8.pfb><C:/Users/VISWAMBHAR YASA/AppData/Local/Program
s/MiKTeX 2.9/fonts/type1/public/amsfonts/cm/cmsy10.pfb><C:/Users/VISWAMBHAR YAS
A/AppData/Local/Programs/MiKTeX 2.9/fonts/type1/public/amsfonts/cm/cmsy8.pfb><C
:/Users/VISWAMBHAR YASA/AppData/Local/Programs/MiKTeX 2.9/fonts/type1/public/am
sfonts/cm/cmti12.pfb><C:/Users/VISWAMBHAR YASA/AppData/Local/Programs/MiKTeX 2.
9/fonts/type1/public/amsfonts/cm/cmtt12.pfb>
Output written on main_page.pdf (35 pages, 778196 bytes).
PDF statistics:
 597 PDF objects out of 1000 (max. 8388607)
 176 named destinations out of 1000 (max. 500000)
 346 words of extra memory for PDF output out of 10000 (max. 10000000)

