This is pdfTeX, Version 3.14159265-2.6-1.40.21 (MiKTeX 2.9.7440 64-bit) (preloaded format=pdflatex 2020.5.25)  25 MAR 2021 13:56
entering extended mode
**./readme.tex
(readme.tex
LaTeX2e <2020-02-02> patch level 5
L3 programming layer <2020-05-15>
("C:\Users\VISWAMBHAR YASA\AppData\Local\Programs\MiKTeX 2.9\tex/latex/base\art
icle.cls"
Document Class: article 2019/12/20 v1.4l Standard LaTeX document class

("C:\Users\VISWAMBHAR YASA\AppData\Local\Programs\MiKTeX 2.9\tex/latex/base\siz
e12.clo"
File: size12.clo 2019/12/20 v1.4l Standard LaTeX file (size option)
)
\c@part=\count167
\c@section=\count168
\c@subsection=\count169
\c@subsubsection=\count170
\c@paragraph=\count171
\c@subparagraph=\count172
\c@figure=\count173
\c@table=\count174
\abovecaptionskip=\skip47
\belowcaptionskip=\skip48
\bibindent=\dimen134
)
("C:\Users\VISWAMBHAR YASA\AppData\Local\Programs\MiKTeX 2.9\tex/latex/amsmath\
amsmath.sty"
Package: amsmath 2020/01/20 v2.17e AMS math features
\@mathmargin=\skip49

For additional information on amsmath, use the `?' option.

("C:\Users\VISWAMBHAR YASA\AppData\Local\Programs\MiKTeX 2.9\tex/latex/amsmath\
amstext.sty"
Package: amstext 2000/06/29 v2.01 AMS text

("C:\Users\VISWAMBHAR YASA\AppData\Local\Programs\MiKTeX 2.9\tex/latex/amsmath\
amsgen.sty"
File: amsgen.sty 1999/11/30 v2.0 generic functions
\@emptytoks=\toks15
\ex@=\dimen135
))
("C:\Users\VISWAMBHAR YASA\AppData\Local\Programs\MiKTeX 2.9\tex/latex/amsmath\
amsbsy.sty"
Package: amsbsy 1999/11/29 v1.2d Bold Symbols
\pmbraise@=\dimen136
)
("C:\Users\VISWAMBHAR YASA\AppData\Local\Programs\MiKTeX 2.9\tex/latex/amsmath\
amsopn.sty"
Package: amsopn 2016/03/08 v2.02 operator names
)
\inf@bad=\count175
LaTeX Info: Redefining \frac on input line 227.
\uproot@=\count176
\leftroot@=\count177
LaTeX Info: Redefining \overline on input line 389.
\classnum@=\count178
\DOTSCASE@=\count179
LaTeX Info: Redefining \ldots on input line 486.
LaTeX Info: Redefining \dots on input line 489.
LaTeX Info: Redefining \cdots on input line 610.
\Mathstrutbox@=\box45
\strutbox@=\box46
\big@size=\dimen137
LaTeX Font Info:    Redeclaring font encoding OML on input line 733.
LaTeX Font Info:    Redeclaring font encoding OMS on input line 734.
\macc@depth=\count180
\c@MaxMatrixCols=\count181
\dotsspace@=\muskip16
\c@parentequation=\count182
\dspbrk@lvl=\count183
\tag@help=\toks16
\row@=\count184
\column@=\count185
\maxfields@=\count186
\andhelp@=\toks17
\eqnshift@=\dimen138
\alignsep@=\dimen139
\tagshift@=\dimen140
\tagwidth@=\dimen141
\totwidth@=\dimen142
\lineht@=\dimen143
\@envbody=\toks18
\multlinegap=\skip50
\multlinetaggap=\skip51
\mathdisplay@stack=\toks19
LaTeX Info: Redefining \[ on input line 2859.
LaTeX Info: Redefining \] on input line 2860.
)
("C:\Users\VISWAMBHAR YASA\AppData\Local\Programs\MiKTeX 2.9\tex/latex/graphics
\graphicx.sty"
Package: graphicx 2019/11/30 v1.2a Enhanced LaTeX Graphics (DPC,SPQR)

("C:\Users\VISWAMBHAR YASA\AppData\Local\Programs\MiKTeX 2.9\tex/latex/graphics
\keyval.sty"
Package: keyval 2014/10/28 v1.15 key=value parser (DPC)
\KV@toks@=\toks20
)
("C:\Users\VISWAMBHAR YASA\AppData\Local\Programs\MiKTeX 2.9\tex/latex/graphics
\graphics.sty"
Package: graphics 2019/11/30 v1.4a Standard LaTeX Graphics (DPC,SPQR)

("C:\Users\VISWAMBHAR YASA\AppData\Local\Programs\MiKTeX 2.9\tex/latex/graphics
\trig.sty"
Package: trig 2016/01/03 v1.10 sin cos tan (DPC)
)
("C:\Users\VISWAMBHAR YASA\AppData\Local\Programs\MiKTeX 2.9\tex/latex/graphics
-cfg\graphics.cfg"
File: graphics.cfg 2016/06/04 v1.11 sample graphics configuration
)
Package graphics Info: Driver file: pdftex.def on input line 105.

("C:\Users\VISWAMBHAR YASA\AppData\Local\Programs\MiKTeX 2.9\tex/latex/graphics
-def\pdftex.def"
File: pdftex.def 2018/01/08 v1.0l Graphics/color driver for pdftex
))
\Gin@req@height=\dimen144
\Gin@req@width=\dimen145
)
("C:\Users\VISWAMBHAR YASA\AppData\Local\Programs\MiKTeX 2.9\tex/latex/multirow
\multirow.sty"
Package: multirow 2019/05/31 v2.5 Span multiple rows of a table
\multirow@colwidth=\skip52
\multirow@cntb=\count187
\multirow@dima=\skip53
\bigstrutjot=\dimen146
)
("C:\Users\VISWAMBHAR YASA\AppData\Local\Programs\MiKTeX 2.9\tex/latex/fancyvrb
\fancyvrb.sty"
Package: fancyvrb 2020/05/03 v3.6 verbatim text (tvz,hv)
\FV@CodeLineNo=\count188
\FV@InFile=\read2
\FV@TabBox=\box47
\c@FancyVerbLine=\count189
\FV@StepNumber=\count190
\FV@OutFile=\write3
)
("C:\Users\VISWAMBHAR YASA\AppData\Local\Programs\MiKTeX 2.9\tex/latex/graphics
\color.sty"
Package: color 2019/11/23 v1.2a Standard LaTeX Color (DPC)

("C:\Users\VISWAMBHAR YASA\AppData\Local\Programs\MiKTeX 2.9\tex/latex/graphics
-cfg\color.cfg"
File: color.cfg 2016/01/02 v1.6 sample color configuration
)
Package color Info: Driver file: pdftex.def on input line 147.
)
("C:\Users\VISWAMBHAR YASA\AppData\Local\Programs\MiKTeX 2.9\tex/latex/float\fl
oat.sty"
Package: float 2001/11/08 v1.3d Float enhancements (AL)
\c@float@type=\count191
\float@exts=\toks21
\float@box=\box48
\@float@everytoks=\toks22
\@floatcapt=\box49
)
("C:\Users\VISWAMBHAR YASA\AppData\Local\Programs\MiKTeX 2.9\tex/latex/geometry
\geometry.sty"
Package: geometry 2020/01/02 v5.9 Page Geometry

("C:\Users\VISWAMBHAR YASA\AppData\Local\Programs\MiKTeX 2.9\tex/generic/iftex\
ifvtex.sty"
Package: ifvtex 2019/10/25 v1.7 ifvtex legacy package. Use iftex instead.

("C:\Users\VISWAMBHAR YASA\AppData\Local\Programs\MiKTeX 2.9\tex/generic/iftex\
iftex.sty"
Package: iftex 2020/03/06 v1.0d TeX engine tests
))
\Gm@cnth=\count192
\Gm@cntv=\count193
\c@Gm@tempcnt=\count194
\Gm@bindingoffset=\dimen147
\Gm@wd@mp=\dimen148
\Gm@odd@mp=\dimen149
\Gm@even@mp=\dimen150
\Gm@layoutwidth=\dimen151
\Gm@layoutheight=\dimen152
\Gm@layouthoffset=\dimen153
\Gm@layoutvoffset=\dimen154
\Gm@dimlist=\toks23

("C:\Users\VISWAMBHAR YASA\AppData\Local\Programs\MiKTeX 2.9\tex/latex/geometry
\geometry.cfg"))
("C:\Users\VISWAMBHAR YASA\AppData\Local\Programs\MiKTeX 2.9\tex/latex/natbib\n
atbib.sty"
Package: natbib 2010/09/13 8.31b (PWD, AO)
\bibhang=\skip54
\bibsep=\skip55
LaTeX Info: Redefining \cite on input line 694.
\c@NAT@ctr=\count195
)
("C:\Users\VISWAMBHAR YASA\AppData\Local\Programs\MiKTeX 2.9\tex/latex/wrapfig\
wrapfig.sty"
\wrapoverhang=\dimen155
\WF@size=\dimen156
\c@WF@wrappedlines=\count196
\WF@box=\box50
\WF@everypar=\toks24
Package: wrapfig 2003/01/31  v 3.6
)
("C:\Users\VISWAMBHAR YASA\AppData\Local\Programs\MiKTeX 2.9\tex/latex/blindtex
t\blindtext.sty"
Package: blindtext 2012/01/06 V2.0 blindtext-Package

("C:\Users\VISWAMBHAR YASA\AppData\Local\Programs\MiKTeX 2.9\tex/latex/tools\xs
pace.sty"
Package: xspace 2014/10/28 v1.13 Space after command names (DPC,MH)
)
\c@blindtext=\count197
\c@Blindtext=\count198
\c@blind@countparstart=\count199
\blind@countxx=\count266
\blindtext@numBlindtext=\count267
\blind@countyy=\count268
\c@blindlist=\count269
\c@blindlistlevel=\count270
\c@blindlist@level=\count271
\blind@listitem=\count272
\c@blind@listcount=\count273
\c@blind@levelcount=\count274
\blind@mathformula=\count275
\blind@Mathformula=\count276
\c@blind@randomcount=\count277
\c@blind@randommax=\count278
\c@blind@pangramcount=\count279
\c@blind@pangrammax=\count280
)
("C:\Users\VISWAMBHAR YASA\AppData\Local\Programs\MiKTeX 2.9\tex/latex/index\in
dex.sty"
Package: index 2004/01/20 v4.2beta Improved index support (dmj)
\@indexbox=\insert252
\indexproofstyle=\toks25


LaTeX Warning: Command \markboth  has changed.
               Check if current package is valid.


LaTeX Warning: Command \markright  has changed.
               Check if current package is valid.

)
("C:\Users\VISWAMBHAR YASA\AppData\Local\Programs\MiKTeX 2.9\tex/latex/nomencl\
nomencl.sty"
Package: nomencl 2020/03/01 v5.4 Nomenclature package

("C:\Users\VISWAMBHAR YASA\AppData\Local\Programs\MiKTeX 2.9\tex/latex/xkeyval\
xkeyval.sty"
Package: xkeyval 2014/12/03 v2.7a package option processing (HA)

("C:\Users\VISWAMBHAR YASA\AppData\Local\Programs\MiKTeX 2.9\tex/generic/xkeyva
l\xkeyval.tex"
("C:\Users\VISWAMBHAR YASA\AppData\Local\Programs\MiKTeX 2.9\tex/generic/xkeyva
l\xkvutils.tex"
\XKV@toks=\toks26
\XKV@tempa@toks=\toks27
)
\XKV@depth=\count281
File: xkeyval.tex 2014/12/03 v2.7a key=value parser (HA)
))
("C:\Users\VISWAMBHAR YASA\AppData\Local\Programs\MiKTeX 2.9\tex/latex/base\ift
hen.sty"
Package: ifthen 2014/09/29 v1.1c Standard LaTeX ifthen package (DPC)
)
("C:\Users\VISWAMBHAR YASA\AppData\Local\Programs\MiKTeX 2.9\tex/latex/koma-scr
ipt\tocbasic.sty"
Package: tocbasic 2020/04/19 v3.30 KOMA-Script package (handling toc-files)

("C:\Users\VISWAMBHAR YASA\AppData\Local\Programs\MiKTeX 2.9\tex/latex/koma-scr
ipt\scrbase.sty"
Package: scrbase 2020/04/19 v3.30 KOMA-Script package (KOMA-Script-independent 
basics and keyval usage)

("C:\Users\VISWAMBHAR YASA\AppData\Local\Programs\MiKTeX 2.9\tex/latex/koma-scr
ipt\scrlfile.sty"
Package: scrlfile 2020/04/19 v3.30 KOMA-Script package (loading files)
))
\scr@dte@tocline@numberwidth=\skip56
\scr@dte@tocline@numbox=\box51
)
Package tocbasic Info: babel extension for `nlo' omitted
(tocbasic)             because of missing \bbl@set@language on input line 179.
Package tocbasic Info: babel extension for `nls' omitted
(tocbasic)             because of missing \bbl@set@language on input line 180.
\nomlabelwidth=\dimen157
\nom@tempdim=\dimen158
\nomitemsep=\skip57
)
("C:\Users\VISWAMBHAR YASA\AppData\Local\Programs\MiKTeX 2.9\tex/latex/subfig\s
ubfig.sty"
Package: subfig 2005/06/28 ver: 1.3 subfig package

("C:\Users\VISWAMBHAR YASA\AppData\Local\Programs\MiKTeX 2.9\tex/latex/caption\
caption.sty"
Package: caption 2020/05/10 v3.4j Customizing captions (AR)

("C:\Users\VISWAMBHAR YASA\AppData\Local\Programs\MiKTeX 2.9\tex/latex/caption\
caption3.sty"
Package: caption3 2020/05/10 v1.11 caption3 kernel (AR)
Package caption3 Info: TeX engine: e-TeX on input line 61.
\captionmargin=\dimen159
\captionmargin@=\dimen160
\captionwidth=\dimen161
\caption@tempdima=\dimen162
\caption@indent=\dimen163
\caption@parindent=\dimen164
\caption@hangindent=\dimen165
Package caption Info: Standard document class detected.
)
\c@caption@flags=\count282
\c@continuedfloat=\count283
Package caption Info: float package is loaded.
Package caption Info: wrapfig package is loaded.
)
\c@KVtest=\count284
\sf@farskip=\skip58
\sf@captopadj=\dimen166
\sf@capskip=\skip59
\sf@nearskip=\skip60
\c@subfigure=\count285
\c@subfigure@save=\count286
\c@lofdepth=\count287
\c@subtable=\count288
\c@subtable@save=\count289
\c@lotdepth=\count290
\sf@top=\skip61
\sf@bottom=\skip62
)
("C:\Users\VISWAMBHAR YASA\AppData\Local\Programs\MiKTeX 2.9\tex/latex/matlab-p
rettifier\matlab-prettifier.sty"
Package: matlab-prettifier 2014/06/19 v0.3 A package for prettyprinting Matlab 
source code

("C:\Users\VISWAMBHAR YASA\AppData\Local\Programs\MiKTeX 2.9\tex/latex/base\tex
tcomp.sty"
Package: textcomp 2020/02/02 v2.0n Standard LaTeX package
)
("C:\Users\VISWAMBHAR YASA\AppData\Local\Programs\MiKTeX 2.9\tex/latex/xcolor\x
color.sty"
Package: xcolor 2016/05/11 v2.12 LaTeX color extensions (UK)

("C:\Users\VISWAMBHAR YASA\AppData\Local\Programs\MiKTeX 2.9\tex/latex/graphics
-cfg\color.cfg"
File: color.cfg 2016/01/02 v1.6 sample color configuration
)
Package xcolor Info: Driver file: pdftex.def on input line 225.
LaTeX Info: Redefining \color on input line 709.
Package xcolor Info: Model `cmy' substituted by `cmy0' on input line 1348.
Package xcolor Info: Model `hsb' substituted by `rgb' on input line 1352.
Package xcolor Info: Model `RGB' extended on input line 1364.
Package xcolor Info: Model `HTML' substituted by `rgb' on input line 1366.
Package xcolor Info: Model `Hsb' substituted by `hsb' on input line 1367.
Package xcolor Info: Model `tHsb' substituted by `hsb' on input line 1368.
Package xcolor Info: Model `HSB' substituted by `hsb' on input line 1369.
Package xcolor Info: Model `Gray' substituted by `gray' on input line 1370.
Package xcolor Info: Model `wave' substituted by `hsb' on input line 1371.
)
("C:\Users\VISWAMBHAR YASA\AppData\Local\Programs\MiKTeX 2.9\tex/latex/listings
\listings.sty"
\lst@mode=\count291
\lst@gtempboxa=\box52
\lst@token=\toks28
\lst@length=\count292
\lst@currlwidth=\dimen167
\lst@column=\count293
\lst@pos=\count294
\lst@lostspace=\dimen168
\lst@width=\dimen169
\lst@newlines=\count295
\lst@lineno=\count296
\lst@maxwidth=\dimen170

("C:\Users\VISWAMBHAR YASA\AppData\Local\Programs\MiKTeX 2.9\tex/latex/listings
\lstmisc.sty"
File: lstmisc.sty 2020/03/24 1.8d (Carsten Heinz)
\c@lstnumber=\count297
\lst@skipnumbers=\count298
\lst@framebox=\box53
)
("C:\Users\VISWAMBHAR YASA\AppData\Local\Programs\MiKTeX 2.9\tex/latex/listings
\listings.cfg"
File: listings.cfg 2020/03/24 1.8d listings configuration
))
Package: listings 2020/03/24 1.8d (Carsten Heinz)
\netBracketCount@mlpr=\count299
\blkLvl@mlpr=\count300
\blkLvlAtClassdef@mlpr=\count301
\emHeight@mlpr=\skip63
\jayDepth@mlpr=\skip64
\sectionRuleOffset@mlpr=\skip65
\toks@mlpr=\toks29
)
("C:\Users\VISWAMBHAR YASA\AppData\Local\Programs\MiKTeX 2.9\tex/latex/csvsimpl
e\csvsimple.sty"
Package: csvsimple 2019/04/09 version 1.21 LaTeX CSV file processing

("C:\Users\VISWAMBHAR YASA\AppData\Local\Programs\MiKTeX 2.9\tex/latex/pgf/util
ities\pgfrcs.sty"
("C:\Users\VISWAMBHAR YASA\AppData\Local\Programs\MiKTeX 2.9\tex/generic/pgf/ut
ilities\pgfutil-common.tex"
\pgfutil@everybye=\toks30
\pgfutil@tempdima=\dimen171
\pgfutil@tempdimb=\dimen172

("C:\Users\VISWAMBHAR YASA\AppData\Local\Programs\MiKTeX 2.9\tex/generic/pgf/ut
ilities\pgfutil-common-lists.tex"))
("C:\Users\VISWAMBHAR YASA\AppData\Local\Programs\MiKTeX 2.9\tex/generic/pgf/ut
ilities\pgfutil-latex.def"
\pgfutil@abb=\box54

("C:\Users\VISWAMBHAR YASA\AppData\Local\Programs\MiKTeX 2.9\tex/latex/ms\every
shi.sty"
Package: everyshi 2001/05/15 v3.00 EveryShipout Package (MS)
))
("C:\Users\VISWAMBHAR YASA\AppData\Local\Programs\MiKTeX 2.9\tex/generic/pgf/ut
ilities\pgfrcs.code.tex"
("C:\Users\VISWAMBHAR YASA\AppData\Local\Programs\MiKTeX 2.9\tex/generic/pgf\pg
f.revision.tex")
Package: pgfrcs 2020/01/08 v3.1.5b (3.1.5b)
))
("C:\Users\VISWAMBHAR YASA\AppData\Local\Programs\MiKTeX 2.9\tex/latex/pgf/util
ities\pgfkeys.sty"
("C:\Users\VISWAMBHAR YASA\AppData\Local\Programs\MiKTeX 2.9\tex/generic/pgf/ut
ilities\pgfkeys.code.tex"
\pgfkeys@pathtoks=\toks31
\pgfkeys@temptoks=\toks32

("C:\Users\VISWAMBHAR YASA\AppData\Local\Programs\MiKTeX 2.9\tex/generic/pgf/ut
ilities\pgfkeysfiltered.code.tex"
\pgfkeys@tmptoks=\toks33
)))
("C:\Users\VISWAMBHAR YASA\AppData\Local\Programs\MiKTeX 2.9\tex/latex/etoolbox
\etoolbox.sty"
Package: etoolbox 2019/09/21 v2.5h e-TeX tools for LaTeX (JAW)
\etb@tempcnta=\count302
)
("C:\Users\VISWAMBHAR YASA\AppData\Local\Programs\MiKTeX 2.9\tex/latex/tools\sh
ellesc.sty"
Package: shellesc 2019/11/08 v1.0c unified shell escape interface for LaTeX
Package shellesc Info: Restricted shell escape enabled on input line 77.
)
\csv@file=\read3
\c@csvinputline=\count303
\c@csvrow=\count304
\c@csvcol=\count305
\csv@out=\write4
)
("C:\Users\VISWAMBHAR YASA\AppData\Local\Programs\MiKTeX 2.9\tex/generic/babel\
babel.sty"
Package: babel 2020/05/13 3.44 The Babel package

("C:\Users\VISWAMBHAR YASA\AppData\Local\Programs\MiKTeX 2.9\tex/generic/babel\
babel.def"
File: babel.def 2020/05/13 3.44 Babel common definitions
\babel@savecnt=\count306
\U@D=\dimen173
\l@babelnohyphens=\language78

("C:\Users\VISWAMBHAR YASA\AppData\Local\Programs\MiKTeX 2.9\tex/generic/babel\
txtbabel.def")
\bbl@readstream=\read4
)
\bbl@dirlevel=\count307

*************************************
* Local config file bblopts.cfg used
*

("C:\Users\VISWAMBHAR YASA\AppData\Local\Programs\MiKTeX 2.9\tex/latex/arabi\bb
lopts.cfg"
File: bblopts.cfg 2005/09/08 v0.1 add Arabic and Farsi to "declared" options of
 babel
)
("C:\Users\VISWAMBHAR YASA\AppData\Local\Programs\MiKTeX 2.9\tex/latex/babel-en
glish\english.ldf"
Language: english 2017/06/06 v3.3r English support from the babel system
Package babel Info: \l@canadian = using hyphenrules for english
(babel)             (\language0) on input line 102.
Package babel Info: \l@australian = using hyphenrules for ukenglish
(babel)             (\language72) on input line 105.
Package babel Info: \l@newzealand = using hyphenrules for ukenglish
(babel)             (\language72) on input line 108.
))
("C:\Users\VISWAMBHAR YASA\AppData\Local\Programs\MiKTeX 2.9\tex/latex/hyperref
\hyperref.sty"
Package: hyperref 2020-05-15 v7.00e Hypertext links for LaTeX

("C:\Users\VISWAMBHAR YASA\AppData\Local\Programs\MiKTeX 2.9\tex/generic/ltxcmd
s\ltxcmds.sty"
Package: ltxcmds 2019/12/15 v1.24 LaTeX kernel commands for general use (HO)
)
("C:\Users\VISWAMBHAR YASA\AppData\Local\Programs\MiKTeX 2.9\tex/latex/pdftexcm
ds\pdftexcmds.sty"
Package: pdftexcmds 2019/11/24 v0.31 Utility functions of pdfTeX for LuaTeX (HO
)

("C:\Users\VISWAMBHAR YASA\AppData\Local\Programs\MiKTeX 2.9\tex/generic/infwar
err\infwarerr.sty"
Package: infwarerr 2019/12/03 v1.5 Providing info/warning/error messages (HO)
)
Package pdftexcmds Info: \pdf@primitive is available.
Package pdftexcmds Info: \pdf@ifprimitive is available.
Package pdftexcmds Info: \pdfdraftmode found.
)
("C:\Users\VISWAMBHAR YASA\AppData\Local\Programs\MiKTeX 2.9\tex/generic/kvsetk
eys\kvsetkeys.sty"
Package: kvsetkeys 2019/12/15 v1.18 Key value parser (HO)
)
("C:\Users\VISWAMBHAR YASA\AppData\Local\Programs\MiKTeX 2.9\tex/generic/kvdefi
nekeys\kvdefinekeys.sty"
Package: kvdefinekeys 2019-12-19 v1.6 Define keys (HO)
)
("C:\Users\VISWAMBHAR YASA\AppData\Local\Programs\MiKTeX 2.9\tex/generic/pdfesc
ape\pdfescape.sty"
Package: pdfescape 2019/12/09 v1.15 Implements pdfTeX's escape features (HO)
)
("C:\Users\VISWAMBHAR YASA\AppData\Local\Programs\MiKTeX 2.9\tex/latex/hycolor\
hycolor.sty"
Package: hycolor 2020-01-27 v1.10 Color options for hyperref/bookmark (HO)
)
("C:\Users\VISWAMBHAR YASA\AppData\Local\Programs\MiKTeX 2.9\tex/latex/letltxma
cro\letltxmacro.sty"
Package: letltxmacro 2019/12/03 v1.6 Let assignment for LaTeX macros (HO)
)
("C:\Users\VISWAMBHAR YASA\AppData\Local\Programs\MiKTeX 2.9\tex/latex/auxhook\
auxhook.sty"
Package: auxhook 2019-12-17 v1.6 Hooks for auxiliary files (HO)
)
("C:\Users\VISWAMBHAR YASA\AppData\Local\Programs\MiKTeX 2.9\tex/latex/kvoption
s\kvoptions.sty"
Package: kvoptions 2019/11/29 v3.13 Key value format for package options (HO)
)
\@linkdim=\dimen174
\Hy@linkcounter=\count308
\Hy@pagecounter=\count309

("C:\Users\VISWAMBHAR YASA\AppData\Local\Programs\MiKTeX 2.9\tex/latex/hyperref
\pd1enc.def"
File: pd1enc.def 2020-05-15 v7.00e Hyperref: PDFDocEncoding definition (HO)
Now handling font encoding PD1 ...
... no UTF-8 mapping file for font encoding PD1
)
("C:\Users\VISWAMBHAR YASA\AppData\Local\Programs\MiKTeX 2.9\tex/generic/intcal
c\intcalc.sty"
Package: intcalc 2019/12/15 v1.3 Expandable calculations with integers (HO)
)
("C:\Users\VISWAMBHAR YASA\AppData\Local\Programs\MiKTeX 2.9\tex/generic/etexcm
ds\etexcmds.sty"
Package: etexcmds 2019/12/15 v1.7 Avoid name clashes with e-TeX commands (HO)
)
\Hy@SavedSpaceFactor=\count310
Package hyperref Info: Hyper figures OFF on input line 4464.
Package hyperref Info: Link nesting OFF on input line 4469.
Package hyperref Info: Hyper index ON on input line 4472.
Package hyperref Info: Plain pages OFF on input line 4479.
Package hyperref Info: Backreferencing OFF on input line 4484.
Package hyperref Info: Implicit mode ON; LaTeX internals redefined.
Package hyperref Info: Bookmarks ON on input line 4717.
\c@Hy@tempcnt=\count311

("C:\Users\VISWAMBHAR YASA\AppData\Local\Programs\MiKTeX 2.9\tex/latex/url\url.
sty"
\Urlmuskip=\muskip17
Package: url 2013/09/16  ver 3.4  Verb mode for urls, etc.
)
LaTeX Info: Redefining \url on input line 5076.
\XeTeXLinkMargin=\dimen175

("C:\Users\VISWAMBHAR YASA\AppData\Local\Programs\MiKTeX 2.9\tex/generic/bitset
\bitset.sty"
Package: bitset 2019/12/09 v1.3 Handle bit-vector datatype (HO)

("C:\Users\VISWAMBHAR YASA\AppData\Local\Programs\MiKTeX 2.9\tex/generic/bigint
calc\bigintcalc.sty"
Package: bigintcalc 2019/12/15 v1.5 Expandable calculations on big integers (HO
)
))
\Fld@menulength=\count312
\Field@Width=\dimen176
\Fld@charsize=\dimen177
Package hyperref Info: Hyper figures OFF on input line 6347.
Package hyperref Info: Link nesting OFF on input line 6352.
Package hyperref Info: Hyper index ON on input line 6355.
Package hyperref Info: backreferencing OFF on input line 6362.
Package hyperref Info: Link coloring OFF on input line 6367.
Package hyperref Info: Link coloring with OCG OFF on input line 6372.
Package hyperref Info: PDF/A mode OFF on input line 6377.
LaTeX Info: Redefining \ref on input line 6417.
LaTeX Info: Redefining \pageref on input line 6421.

("C:\Users\VISWAMBHAR YASA\AppData\Local\Programs\MiKTeX 2.9\tex/generic/atbegs
hi\atbegshi.sty"
Package: atbegshi 2019/12/05 v1.19 At begin shipout hook (HO)
)
\Hy@abspage=\count313
\c@Item=\count314
\c@Hfootnote=\count315
)
Package hyperref Info: Driver (autodetected): hpdftex.

("C:\Users\VISWAMBHAR YASA\AppData\Local\Programs\MiKTeX 2.9\tex/latex/hyperref
\hpdftex.def"
File: hpdftex.def 2020-05-15 v7.00e Hyperref driver for pdfTeX

("C:\Users\VISWAMBHAR YASA\AppData\Local\Programs\MiKTeX 2.9\tex/latex/atveryen
d\atveryend.sty"
Package: atveryend 2019-12-11 v1.11 Hooks at the very end of document (HO)
)
\Fld@listcount=\count316
\c@bookmark@seq@number=\count317

("C:\Users\VISWAMBHAR YASA\AppData\Local\Programs\MiKTeX 2.9\tex/latex/rerunfil
echeck\rerunfilecheck.sty"
Package: rerunfilecheck 2019/12/05 v1.9 Rerun checks for auxiliary files (HO)

("C:\Users\VISWAMBHAR YASA\AppData\Local\Programs\MiKTeX 2.9\tex/generic/unique
counter\uniquecounter.sty"
Package: uniquecounter 2019/12/15 v1.4 Provide unlimited unique counter (HO)
)
Package uniquecounter Info: New unique counter `rerunfilecheck' on input line 2
86.
)
\Hy@SectionHShift=\skip66
)
Package hyperref Info: Option `colorlinks' set `true' on input line 29.

("C:\Users\VISWAMBHAR YASA\AppData\Local\Programs\MiKTeX 2.9\tex/latex/listings
\lstlang1.sty"
File: lstlang1.sty 2020/03/24 1.8d listings language file
)
("C:\Users\VISWAMBHAR YASA\AppData\Local\Programs\MiKTeX 2.9\tex/latex/l3backen
d\l3backend-pdfmode.def"
File: l3backend-pdfmode.def 2020-05-05 L3 backend support: PDF mode
\l__kernel_color_stack_int=\count318
\l__pdf_internal_box=\box55
)

LaTeX Warning: Unused global option(s):
    [times].

(readme.aux

LaTeX Warning: Label `VC-01.1' multiply defined.


LaTeX Warning: Label `VC-01.2' multiply defined.


LaTeX Warning: Label `VC-01.1' multiply defined.


LaTeX Warning: Label `VC-01.2' multiply defined.


LaTeX Warning: Label `VC-03.1' multiply defined.


LaTeX Warning: Label `VC-03.2' multiply defined.


LaTeX Warning: Label `VC-01.1' multiply defined.


LaTeX Warning: Label `VC-01.2' multiply defined.

)
\openout1 = `readme.aux'.

LaTeX Font Info:    Checking defaults for OML/cmm/m/it on input line 65.
LaTeX Font Info:    ... okay on input line 65.
LaTeX Font Info:    Checking defaults for OMS/cmsy/m/n on input line 65.
LaTeX Font Info:    ... okay on input line 65.
LaTeX Font Info:    Checking defaults for OT1/cmr/m/n on input line 65.
LaTeX Font Info:    ... okay on input line 65.
LaTeX Font Info:    Checking defaults for T1/cmr/m/n on input line 65.
LaTeX Font Info:    ... okay on input line 65.
LaTeX Font Info:    Checking defaults for TS1/cmr/m/n on input line 65.
LaTeX Font Info:    ... okay on input line 65.
LaTeX Font Info:    Checking defaults for OMX/cmex/m/n on input line 65.
LaTeX Font Info:    ... okay on input line 65.
LaTeX Font Info:    Checking defaults for U/cmr/m/n on input line 65.
LaTeX Font Info:    ... okay on input line 65.
LaTeX Font Info:    Checking defaults for PD1/pdf/m/n on input line 65.
LaTeX Font Info:    ... okay on input line 65.

("C:\Users\VISWAMBHAR YASA\AppData\Local\Programs\MiKTeX 2.9\tex/context/base/m
kii\supp-pdf.mkii"
[Loading MPS to PDF converter (version 2006.09.02).]
\scratchcounter=\count319
\scratchdimen=\dimen178
\scratchbox=\box56
\nofMPsegments=\count320
\nofMParguments=\count321
\everyMPshowfont=\toks34
\MPscratchCnt=\count322
\MPscratchDim=\dimen179
\MPnumerator=\count323
\makeMPintoPDFobject=\count324
\everyMPtoPDFconversion=\toks35
)
("C:\Users\VISWAMBHAR YASA\AppData\Local\Programs\MiKTeX 2.9\tex/latex/epstopdf
-pkg\epstopdf-base.sty"
Package: epstopdf-base 2020-01-24 v2.11 Base part for package epstopdf
Package epstopdf-base Info: Redefining graphics rule for `.eps' on input line 4
85.
)
*geometry* driver: auto-detecting
*geometry* detected driver: pdftex
*geometry* verbose mode - [ preamble ] result:
* driver: pdftex
* paper: a4paper
* layout: <same size as paper>
* layoutoffset:(h,v)=(0.0pt,0.0pt)
* modes: 
* h-part:(L,W,R)=(89.62709pt, 418.25368pt, 89.6271pt)
* v-part:(T,H,B)=(101.40665pt, 591.5302pt, 152.11pt)
* \paperwidth=597.50787pt
* \paperheight=845.04684pt
* \textwidth=418.25368pt
* \textheight=591.5302pt
* \oddsidemargin=17.3571pt
* \evensidemargin=17.3571pt
* \topmargin=-7.86334pt
* \headheight=12.0pt
* \headsep=25.0pt
* \topskip=12.0pt
* \footskip=30.0pt
* \marginparwidth=35.0pt
* \marginparsep=10.0pt
* \columnsep=10.0pt
* \skip\footins=10.8pt plus 4.0pt minus 2.0pt
* \hoffset=0.0pt
* \voffset=0.0pt
* \mag=1000
* \@twocolumnfalse
* \@twosidefalse
* \@mparswitchfalse
* \@reversemarginfalse
* (1in=72.27pt=25.4mm, 1cm=28.453pt)

Package caption Info: Begin \AtBeginDocument code.
Package caption Info: subfig package v1.3 is loaded.
Package caption Info: hyperref package is loaded.
Package caption Info: listings package is loaded.
Package caption Info: End \AtBeginDocument code.
\c@lstlisting=\count325
ABD: EveryShipout initializing macros
\AtBeginShipoutBox=\box57
Package hyperref Info: Link coloring ON on input line 65.

("C:\Users\VISWAMBHAR YASA\AppData\Local\Programs\MiKTeX 2.9\tex/latex/hyperref
\nameref.sty"
Package: nameref 2019/09/16 v2.46 Cross-referencing by name of section

("C:\Users\VISWAMBHAR YASA\AppData\Local\Programs\MiKTeX 2.9\tex/latex/refcount
\refcount.sty"
Package: refcount 2019/12/15 v3.6 Data extraction from label references (HO)
)
("C:\Users\VISWAMBHAR YASA\AppData\Local\Programs\MiKTeX 2.9\tex/generic/gettit
lestring\gettitlestring.sty"
Package: gettitlestring 2019/12/15 v1.6 Cleanup title references (HO)
)
\c@section@level=\count326
)
LaTeX Info: Redefining \ref on input line 65.
LaTeX Info: Redefining \pageref on input line 65.
LaTeX Info: Redefining \nameref on input line 65.
 (readme.out) (readme.out)
\@outlinefile=\write5
\openout5 = `readme.out'.

<list_of_files.png, id=55, 142.131pt x 328.22626pt>
File: list_of_files.png Graphic file (type png)
<use list_of_files.png>
Package pdftex.def Info: list_of_files.png  used on input line 83.
(pdftex.def)             Requested size: 106.59796pt x 246.16908pt.
 [1

{C:/Users/VISWAMBHAR YASA/AppData/Local/MiKTeX/2.9/pdftex/config/pdftex.map} <.
/list_of_files.png>]
<installed_lib.png, id=67, 302.93175pt x 87.9285pt>
File: installed_lib.png Graphic file (type png)
<use installed_lib.png>
Package pdftex.def Info: installed_lib.png  used on input line 97.
(pdftex.def)             Requested size: 302.931pt x 87.92827pt.
[2 <./installed_lib.png>]
Underfull \hbox (badness 10000) in paragraph at lines 130--131

 []


Underfull \hbox (badness 10000) in paragraph at lines 142--143

 []


Underfull \hbox (badness 10000) in paragraph at lines 149--150

 []

<list_of_tests.png, id=93, 226.446pt x 501.072pt>
File: list_of_tests.png Graphic file (type png)
<use list_of_tests.png>
Package pdftex.def Info: list_of_tests.png  used on input line 166.
(pdftex.def)             Requested size: 104.56342pt x 231.36754pt.

Underfull \hbox (badness 10000) in paragraph at lines 162--169

 []

[3] [4 <./list_of_tests.png>]
<Problem-1.png, id=139, 147.55125pt x 103.587pt>
File: Problem-1.png Graphic file (type png)
<use Problem-1.png>
Package pdftex.def Info: Problem-1.png  used on input line 208.
(pdftex.def)             Requested size: 147.55087pt x 103.58675pt.
 [5 <./Problem-1.png>]
<analytical_1.png, id=153, 134.30174pt x 82.50826pt>
File: analytical_1.png Graphic file (type png)
<use analytical_1.png>
Package pdftex.def Info: analytical_1.png  used on input line 225.
(pdftex.def)             Requested size: 104.56342pt x 64.24034pt.
<Numerical_result_MMA_01.png, id=154, 1963.335pt x 1616.0375pt>
File: Numerical_result_MMA_01.png Graphic file (type png)
<use Numerical_result_MMA_01.png>
Package pdftex.def Info: Numerical_result_MMA_01.png  used on input line 232.
(pdftex.def)             Requested size: 104.56342pt x 86.05891pt.

Underfull \hbox (badness 1314) in paragraph at lines 234--234
[]\OT1/cmr/m/n/12 Figure 6: |Op-ti-mized struc-ture us-ing
 []

<analytical_OC_1.png, id=155, 143.3355pt x 84.91725pt>
File: analytical_OC_1.png Graphic file (type png)
<use analytical_OC_1.png>
Package pdftex.def Info: analytical_OC_1.png  used on input line 250.
(pdftex.def)             Requested size: 104.56342pt x 61.9502pt.
<Numerical_result_OC_01.png, id=156, 1963.335pt x 1616.0375pt>
File: Numerical_result_OC_01.png Graphic file (type png)
<use Numerical_result_OC_01.png>
Package pdftex.def Info: Numerical_result_OC_01.png  used on input line 257.
(pdftex.def)             Requested size: 104.56342pt x 86.05891pt.
[6 <./analytical_1.png> <./Numerical_result_MMA_01.png (PNG copy)> <./analytica
l_OC_1.png> <./Numerical_result_OC_01.png (PNG copy)>]
<Problem-2.png, id=175, 390.258pt x 234.8775pt>
File: Problem-2.png Graphic file (type png)
<use Problem-2.png>
Package pdftex.def Info: Problem-2.png  used on input line 271.
(pdftex.def)             Requested size: 97.56425pt x 58.71922pt.
<analytical_OC_2.png, id=176, 253.54726pt x 163.812pt>
File: analytical_OC_2.png Graphic file (type png)
<use analytical_OC_2.png>
Package pdftex.def Info: analytical_OC_2.png  used on input line 287.
(pdftex.def)             Requested size: 104.56342pt x 67.55827pt.
<Numerical_result_MMA_02.png, id=177, 1963.335pt x 1616.0375pt>
File: Numerical_result_MMA_02.png Graphic file (type png)
<use Numerical_result_MMA_02.png>
Package pdftex.def Info: Numerical_result_MMA_02.png  used on input line 294.
(pdftex.def)             Requested size: 104.56342pt x 86.05891pt.
 [7 <./Problem-2.png> <./analytical_OC_2.png> <./Numerical_result_MMA_02.png (P
NG copy)>]
File: analytical_OC_2.png Graphic file (type png)
<use analytical_OC_2.png>
Package pdftex.def Info: analytical_OC_2.png  used on input line 311.
(pdftex.def)             Requested size: 104.56342pt x 67.55827pt.
<Numerical_result_OC_02.png, id=191, 1963.335pt x 1616.0375pt>
File: Numerical_result_OC_02.png Graphic file (type png)
<use Numerical_result_OC_02.png>
Package pdftex.def Info: Numerical_result_OC_02.png  used on input line 318.
(pdftex.def)             Requested size: 104.56342pt x 86.05891pt.
<Problem-3.png, id=193, 380.01974pt x 266.79675pt>
File: Problem-3.png Graphic file (type png)
<use Problem-3.png>
Package pdftex.def Info: Problem-3.png  used on input line 331.
(pdftex.def)             Requested size: 95.0047pt x 66.69902pt.
 [8 <./Numerical_result_OC_02.png (PNG copy)> <./Problem-3.png>]
<analytical_3.png, id=205, 218.0145pt x 98.16675pt>
File: analytical_3.png Graphic file (type png)
<use analytical_3.png>
Package pdftex.def Info: analytical_3.png  used on input line 348.
(pdftex.def)             Requested size: 104.56342pt x 47.08354pt.
<Numerical_result_MMA_03.png, id=206, 1963.335pt x 1616.0375pt>
File: Numerical_result_MMA_03.png Graphic file (type png)
<use Numerical_result_MMA_03.png>
Package pdftex.def Info: Numerical_result_MMA_03.png  used on input line 355.
(pdftex.def)             Requested size: 104.56342pt x 86.05891pt.
File: analytical_3.png Graphic file (type png)
<use analytical_3.png>
Package pdftex.def Info: analytical_3.png  used on input line 373.
(pdftex.def)             Requested size: 104.56342pt x 47.08354pt.
<Numerical_result_OC_03.png, id=207, 1963.335pt x 1616.0375pt>
File: Numerical_result_OC_03.png Graphic file (type png)
<use Numerical_result_OC_03.png>
Package pdftex.def Info: Numerical_result_OC_03.png  used on input line 380.
(pdftex.def)             Requested size: 104.56342pt x 86.05891pt.
 [9 <./analytical_3.png> <./Numerical_result_MMA_03.png (PNG copy)> <./Numerica
l_result_OC_03.png (PNG copy)>] [10]
Package atveryend Info: Empty hook `BeforeClearDocument' on input line 401.
Package atveryend Info: Empty hook `AfterLastShipout' on input line 401.
 (readme.aux)
Package atveryend Info: Executing hook `AtVeryEndDocument' on input line 401.
Package atveryend Info: Executing hook `AtEndAfterFileList' on input line 401.
Package rerunfilecheck Info: File `readme.out' has not changed.
(rerunfilecheck)             Checksum: 252F15385A9DE890B6C1E21069D42888;889.


LaTeX Warning: There were multiply-defined labels.

 ) 
Here is how much of TeX's memory you used:
 14598 strings out of 480799
 239974 string characters out of 2891112
 797372 words of memory out of 3000000
 30199 multiletter control sequences out of 15000+200000
 539904 words of font info for 50 fonts, out of 3000000 for 9000
 1141 hyphenation exceptions out of 8191
 67i,8n,117p,801b,2188s stack positions out of 5000i,500n,10000p,200000b,50000s
<C:/Users/VISWAMBHAR YASA/AppData/Local/Programs/MiKTeX 2.9/fonts/type1/publi
c/amsfonts/cm/cmbx12.pfb><C:/Users/VISWAMBHAR YASA/AppData/Local/Programs/MiKTe
X 2.9/fonts/type1/public/amsfonts/cm/cmcsc10.pfb><C:/Users/VISWAMBHAR YASA/AppD
ata/Local/Programs/MiKTeX 2.9/fonts/type1/public/amsfonts/cm/cmr12.pfb><C:/User
s/VISWAMBHAR YASA/AppData/Local/Programs/MiKTeX 2.9/fonts/type1/public/amsfonts
/cm/cmti12.pfb><C:/Users/VISWAMBHAR YASA/AppData/Local/Programs/MiKTeX 2.9/font
s/type1/public/amsfonts/cm/cmtt10.pfb>
Output written on readme.pdf (10 pages, 47651770 bytes).
PDF statistics:
 279 PDF objects out of 1000 (max. 8388607)
 126 named destinations out of 1000 (max. 500000)
 185 words of extra memory for PDF output out of 10000 (max. 10000000)

